 INFO: producer:got mutex lock
:0
 INFO: producer:have mutex after bufsizecheck
:0
 INFO: request:GET /nigel.jpg HTTP/1.0****:1
 INFO: producer:TYPE:1
 INFO: producer:num is:1
 INFO: producer:mutex unlocked
:0
 INFO: consumer:left wait:0
 INFO: consumer:rem now is:0
 INFO: consumer:num now is:0
 INFO: consumer:unlocking:0
 INFO: consumer:about to run web with:1
 INFO: web:fd:1
 INFO: SEND:nigel.jpg:1
 INFO: Header:HTTP/1.1 200 OK
Server: nweb/23.0
Content-Length: 10184
Connection: close
Content-Type: image/jpg

:1
 INFO: web:about to write:0
 INFO: web:finished first write:0
 INFO: web:about to loop write:0
 INFO: web:writing to:1
 INFO: web:writing finito:1
 INFO: web:writing to:1
 INFO: web:writing finito:1
 INFO: web:finished loop write:0
 INFO: consumer:finished with web:0
 INFO: consumer:about to close socket:1
 INFO: consumer:looping:0
 INFO: consumer:waiting:0
 INFO: producer:got mutex lock
:0
 INFO: producer:have mutex after bufsizecheck
:0
 INFO: request:GET /nigel.jpg HTTP/1.0****:2
 INFO: producer:TYPE:1
 INFO: producer:num is:1
 INFO: producer:mutex unlocked
:0
 INFO: consumer:left wait:0
 INFO: consumer:rem now is:0
 INFO: consumer:num now is:0
 INFO: consumer:unlocking:0
 INFO: consumer:about to run web with:2
 INFO: web:fd:2
 INFO: SEND:nigel.jpg:2
 INFO: Header:HTTP/1.1 200 OK
Server: nweb/23.0
Content-Length: 10184
Connection: close
Content-Type: image/jpg

:2
 INFO: web:about to write:0
 INFO: web:finished first write:0
 INFO: web:about to loop write:0
 INFO: web:writing to:2
 INFO: web:writing finito:2
 INFO: web:writing to:2
 INFO: web:writing finito:2
 INFO: web:finished loop write:0
 INFO: consumer:finished with web:0
 INFO: consumer:about to close socket:2
 INFO: consumer:looping:0
 INFO: consumer:waiting:0
 INFO: producer:got mutex lock
:0
 INFO: producer:have mutex after bufsizecheck
:0
 INFO: request:GET /nigel.jpg HTTP/1.0****:3
 INFO: producer:TYPE:1
 INFO: producer:num is:1
 INFO: producer:mutex unlocked
:0
 INFO: consumer:left wait:0
 INFO: consumer:rem now is:0
 INFO: consumer:num now is:0
 INFO: consumer:unlocking:0
 INFO: consumer:about to run web with:1
 INFO: web:fd:1
 INFO: SEND:nigel.jpg:3
 INFO: Header:HTTP/1.1 200 OK
Server: nweb/23.0
Content-Length: 10184
Connection: close
Content-Type: image/jpg

:3
 INFO: web:about to write:0
 INFO: web:finished first write:0
 INFO: web:about to loop write:0
 INFO: web:writing to:1
 INFO: web:writing finito:1
 INFO: web:writing to:1
 INFO: web:writing finito:1
 INFO: web:finished loop write:0
 INFO: consumer:finished with web:0
 INFO: consumer:about to close socket:1
 INFO: consumer:looping:0
 INFO: consumer:waiting:0
 INFO: producer:got mutex lock
:0
 INFO: producer:have mutex after bufsizecheck
:0
 INFO: request:GET /nigel.jpg HTTP/1.0****:4
 INFO: producer:TYPE:1
 INFO: producer:num is:1
 INFO: producer:mutex unlocked
:0
 INFO: consumer:left wait:0
 INFO: consumer:rem now is:0
 INFO: consumer:num now is:0
 INFO: consumer:unlocking:0
 INFO: consumer:about to run web with:2
 INFO: web:fd:2
 INFO: SEND:nigel.jpg:4
 INFO: Header:HTTP/1.1 200 OK
Server: nweb/23.0
Content-Length: 10184
Connection: close
Content-Type: image/jpg

:4
 INFO: web:about to write:0
 INFO: web:finished first write:0
 INFO: web:about to loop write:0
 INFO: web:writing to:2
 INFO: web:writing finito:2
 INFO: web:writing to:2
 INFO: web:writing finito:2
 INFO: web:finished loop write:0
 INFO: consumer:finished with web:0
 INFO: consumer:about to close socket:2
 INFO: consumer:looping:0
 INFO: consumer:waiting:0
 INFO: producer:got mutex lock
:0
 INFO: producer:have mutex after bufsizecheck
:0
 INFO: request:GET /nigel.jpg HTTP/1.0****:5
 INFO: producer:TYPE:1
 INFO: producer:num is:1
 INFO: producer:mutex unlocked
:0
 INFO: consumer:left wait:0
 INFO: consumer:rem now is:0
 INFO: consumer:num now is:0
 INFO: consumer:unlocking:0
 INFO: consumer:about to run web with:1
 INFO: web:fd:1
 INFO: SEND:nigel.jpg:5
 INFO: Header:HTTP/1.1 200 OK
Server: nweb/23.0
Content-Length: 10184
Connection: close
Content-Type: image/jpg

:5
 INFO: web:about to write:0
 INFO: web:finished first write:0
 INFO: web:about to loop write:0
 INFO: web:writing to:1
 INFO: web:writing finito:1
 INFO: web:writing to:1
 INFO: web:writing finito:1
 INFO: web:finished loop write:0
 INFO: consumer:finished with web:0
 INFO: consumer:about to close socket:1
 INFO: consumer:looping:0
 INFO: consumer:waiting:0
 INFO: producer:got mutex lock
:0
 INFO: producer:have mutex after bufsizecheck
:0
 INFO: request:GET /nigel.jpg HTTP/1.0****:6
 INFO: producer:TYPE:1
 INFO: producer:num is:1
 INFO: producer:mutex unlocked
:0
 INFO: consumer:left wait:0
 INFO: consumer:rem now is:0
 INFO: consumer:num now is:0
 INFO: consumer:unlocking:0
 INFO: consumer:about to run web with:2
 INFO: web:fd:2
 INFO: SEND:nigel.jpg:6
 INFO: Header:HTTP/1.1 200 OK
Server: nweb/23.0
Content-Length: 10184
Connection: close
Content-Type: image/jpg

:6
 INFO: web:about to write:0
 INFO: web:finished first write:0
 INFO: web:about to loop write:0
 INFO: web:writing to:2
 INFO: web:writing finito:2
 INFO: web:writing to:2
 INFO: web:writing finito:2
 INFO: web:finished loop write:0
 INFO: consumer:finished with web:0
 INFO: consumer:about to close socket:2
 INFO: consumer:looping:0
 INFO: consumer:waiting:0
 INFO: producer:got mutex lock
:0
 INFO: producer:have mutex after bufsizecheck
:0
 INFO: request:GET /nigel.jpg HTTP/1.0****:7
 INFO: producer:TYPE:1
 INFO: producer:num is:1
 INFO: producer:mutex unlocked
:0
 INFO: consumer:left wait:0
 INFO: consumer:rem now is:0
 INFO: consumer:num now is:0
 INFO: consumer:unlocking:0
 INFO: consumer:about to run web with:1
 INFO: web:fd:1
 INFO: SEND:nigel.jpg:7
 INFO: Header:HTTP/1.1 200 OK
Server: nweb/23.0
Content-Length: 10184
Connection: close
Content-Type: image/jpg

:7
 INFO: web:about to write:0
 INFO: web:finished first write:0
 INFO: web:about to loop write:0
 INFO: web:writing to:1
 INFO: web:writing finito:1
 INFO: web:writing to:1
 INFO: web:writing finito:1
 INFO: web:finished loop write:0
 INFO: consumer:finished with web:0
 INFO: consumer:about to close socket:1
 INFO: consumer:looping:0
 INFO: consumer:waiting:0
 INFO: producer:got mutex lock
:0
 INFO: producer:have mutex after bufsizecheck
:0
 INFO: request:GET /nigel.jpg HTTP/1.0****:8
 INFO: producer:TYPE:1
 INFO: producer:num is:1
 INFO: producer:mutex unlocked
:0
 INFO: consumer:left wait:0
 INFO: consumer:rem now is:0
 INFO: consumer:num now is:0
 INFO: consumer:unlocking:0
 INFO: consumer:about to run web with:2
 INFO: web:fd:2
 INFO: SEND:nigel.jpg:8
 INFO: Header:HTTP/1.1 200 OK
Server: nweb/23.0
Content-Length: 10184
Connection: close
Content-Type: image/jpg

:8
 INFO: web:about to write:0
 INFO: web:finished first write:0
 INFO: web:about to loop write:0
 INFO: web:writing to:2
 INFO: web:writing finito:2
 INFO: web:writing to:2
 INFO: web:writing finito:2
 INFO: web:finished loop write:0
 INFO: consumer:finished with web:0
 INFO: consumer:about to close socket:2
 INFO: consumer:looping:0
 INFO: consumer:waiting:0
 INFO: producer:got mutex lock
:0
 INFO: producer:have mutex after bufsizecheck
:0
 INFO: request:GET /nigel.jpg HTTP/1.0****:9
 INFO: producer:TYPE:1
 INFO: producer:num is:1
 INFO: producer:mutex unlocked
:0
 INFO: consumer:left wait:0
 INFO: consumer:rem now is:0
 INFO: consumer:num now is:0
 INFO: consumer:unlocking:0
 INFO: consumer:about to run web with:1
 INFO: web:fd:1
 INFO: SEND:nigel.jpg:9
 INFO: Header:HTTP/1.1 200 OK
Server: nweb/23.0
Content-Length: 10184
Connection: close
Content-Type: image/jpg

:9
 INFO: web:about to write:0
 INFO: web:finished first write:0
 INFO: web:about to loop write:0
 INFO: web:writing to:1
 INFO: web:writing finito:1
 INFO: web:writing to:1
 INFO: web:writing finito:1
 INFO: web:finished loop write:0
 INFO: consumer:finished with web:0
 INFO: consumer:about to close socket:1
 INFO: consumer:looping:0
 INFO: consumer:waiting:0
 INFO: producer:got mutex lock
:0
 INFO: producer:have mutex after bufsizecheck
:0
 INFO: request:GET /nigel.jpg HTTP/1.0****:10
 INFO: producer:TYPE:1
 INFO: producer:num is:1
 INFO: producer:mutex unlocked
:0
 INFO: consumer:left wait:0
 INFO: consumer:rem now is:0
 INFO: consumer:num now is:0
 INFO: consumer:unlocking:0
 INFO: consumer:about to run web with:2
 INFO: web:fd:2
 INFO: SEND:nigel.jpg:10
 INFO: Header:HTTP/1.1 200 OK
Server: nweb/23.0
Content-Length: 10184
Connection: close
Content-Type: image/jpg

:10
 INFO: web:about to write:0
 INFO: web:finished first write:0
 INFO: web:about to loop write:0
 INFO: web:writing to:2
 INFO: web:writing finito:2
 INFO: web:writing to:2
 INFO: web:writing finito:2
 INFO: web:finished loop write:0
 INFO: consumer:finished with web:0
 INFO: consumer:about to close socket:2
 INFO: consumer:looping:0
 INFO: consumer:waiting:0
